# JRE version: Java(TM) SE Runtime Environment (8.0_45-b14) (build 1.8.0_45-b14)
# Java VM: Java HotSpot(TM) 64-Bit Server VM (25.45-b02 mixed mode bsd-amd64 compressed oops)
Heap:
 PSYoungGen      total 219136K, used 69301K [0x000000013f100000, 0x0000000150c80000, 0x0000000154600000)
  eden space 156160K, 44% used [0x000000013f100000,0x000000014341d538,0x0000000148980000)
  from space 62976K, 0% used [0x000000014cf00000,0x000000014cf90000,0x0000000150c80000)
  to   space 67072K, 0% used [0x0000000148980000,0x0000000148980000,0x000000014cb00000)
 ParOldGen       total 300544K, used 196104K [0x0000000114600000, 0x0000000126b80000, 0x000000013f100000)
  object space 300544K, 65% used [0x0000000114600000,0x0000000120582360,0x0000000126b80000)
 Metaspace       used 14390K, capacity 14602K, committed 14976K, reserved 1062912K
  class space    used 1511K, capacity 1593K, committed 1664K, reserved 1048576K
GC Heap History (10 events):
Event: 70.601 GC heap before
{Heap before GC invocations=64 (full 4):
 PSYoungGen      total 239616K, used 148768K [0x000000013f100000, 0x0000000153100000, 0x0000000154600000)
  eden space 148480K, 100% used [0x000000013f100000,0x0000000148200000,0x0000000148200000)
  from space 91136K, 0% used [0x0000000148200000,0x0000000148248000,0x000000014db00000)
  to   space 87552K, 0% used [0x000000014db80000,0x000000014db80000,0x0000000153100000)
 ParOldGen       total 300544K, used 196104K [0x0000000114600000, 0x0000000126b80000, 0x000000013f100000)
  object space 300544K, 65% used [0x0000000114600000,0x0000000120582360,0x0000000126b80000)
 Metaspace       used 14346K, capacity 14538K, committed 14720K, reserved 1062912K
  class space    used 1507K, capacity 1593K, committed 1664K, reserved 1048576K
Event: 70.603 GC heap after
Heap after GC invocations=64 (full 4):
 PSYoungGen      total 229888K, used 352K [0x000000013f100000, 0x0000000152800000, 0x0000000154600000)
  eden space 151552K, 0% used [0x000000013f100000,0x000000013f100000,0x0000000148500000)
  from space 78336K, 0% used [0x000000014db80000,0x000000014dbd8000,0x0000000152800000)
  to   space 83456K, 0% used [0x0000000148500000,0x0000000148500000,0x000000014d680000)
 ParOldGen       total 300544K, used 196104K [0x0000000114600000, 0x0000000126b80000, 0x000000013f100000)
  object space 300544K, 65% used [0x0000000114600000,0x0000000120582360,0x0000000126b80000)
 Metaspace       used 14346K, capacity 14538K, committed 14720K, reserved 1062912K
  class space    used 1507K, capacity 1593K, committed 1664K, reserved 1048576K
}
Event: 70.907 GC heap before
{Heap before GC invocations=65 (full 4):
 PSYoungGen      total 229888K, used 151904K [0x000000013f100000, 0x0000000152800000, 0x0000000154600000)
  eden space 151552K, 100% used [0x000000013f100000,0x0000000148500000,0x0000000148500000)
  from space 78336K, 0% used [0x000000014db80000,0x000000014dbd8000,0x0000000152800000)
  to   space 83456K, 0% used [0x0000000148500000,0x0000000148500000,0x000000014d680000)
 ParOldGen       total 300544K, used 196104K [0x0000000114600000, 0x0000000126b80000, 0x000000013f100000)
  object space 300544K, 65% used [0x0000000114600000,0x0000000120582360,0x0000000126b80000)
 Metaspace       used 14346K, capacity 14538K, committed 14720K, reserved 1062912K
  class space    used 1507K, capacity 1593K, committed 1664K, reserved 1048576K
Event: 70.908 GC heap after
Heap after GC invocations=65 (full 4):
 PSYoungGen      total 152064K, used 416K [0x000000013f100000, 0x0000000152300000, 0x0000000154600000)
  eden space 151552K, 0% used [0x000000013f100000,0x000000013f100000,0x0000000148500000)
  from space 512K, 81% used [0x0000000148500000,0x0000000148568000,0x0000000148580000)
  to   space 79360K, 0% used [0x000000014d580000,0x000000014d580000,0x0000000152300000)
 ParOldGen       total 300544K, used 196104K [0x0000000114600000, 0x0000000126b80000, 0x000000013f100000)
  object space 300544K, 65% used [0x0000000114600000,0x0000000120582360,0x0000000126b80000)
 Metaspace       used 14346K, capacity 14538K, committed 14720K, reserved 1062912K
  class space    used 1507K, capacity 1593K, committed 1664K, reserved 1048576K
}
Event: 71.426 GC heap before
{Heap before GC invocations=66 (full 4):
 PSYoungGen      total 152064K, used 151968K [0x000000013f100000, 0x0000000152300000, 0x0000000154600000)
  eden space 151552K, 100% used [0x000000013f100000,0x0000000148500000,0x0000000148500000)
  from space 512K, 81% used [0x0000000148500000,0x0000000148568000,0x0000000148580000)
  to   space 79360K, 0% used [0x000000014d580000,0x000000014d580000,0x0000000152300000)
 ParOldGen       total 300544K, used 196104K [0x0000000114600000, 0x0000000126b80000, 0x000000013f100000)
  object space 300544K, 65% used [0x0000000114600000,0x0000000120582360,0x0000000126b80000)
 Metaspace       used 14346K, capacity 14538K, committed 14720K, reserved 1062912K
  class space    used 1507K, capacity 1593K, committed 1664K, reserved 1048576K
Event: 71.428 GC heap after
Heap after GC invocations=66 (full 4):
 PSYoungGen      total 224768K, used 480K [0x000000013f100000, 0x0000000151a80000, 0x0000000154600000)
  eden space 154112K, 0% used [0x000000013f100000,0x000000013f100000,0x0000000148780000)
  from space 70656K, 0% used [0x000000014d580000,0x000000014d5f8000,0x0000000151a80000)
  to   space 75264K, 0% used [0x0000000148780000,0x0000000148780000,0x000000014d100000)
 ParOldGen       total 300544K, used 196104K [0x0000000114600000, 0x0000000126b80000, 0x000000013f100000)
  object space 300544K, 65% used [0x0000000114600000,0x0000000120582360,0x0000000126b80000)
 Metaspace       used 14346K, capacity 14538K, committed 14720K, reserved 1062912K
  class space    used 1507K, capacity 1593K, committed 1664K, reserved 1048576K
}
Event: 71.634 GC heap before
{Heap before GC invocations=67 (full 4):
 PSYoungGen      total 224768K, used 154592K [0x000000013f100000, 0x0000000151a80000, 0x0000000154600000)
  eden space 154112K, 100% used [0x000000013f100000,0x0000000148780000,0x0000000148780000)
  from space 70656K, 0% used [0x000000014d580000,0x000000014d5f8000,0x0000000151a80000)
  to   space 75264K, 0% used [0x0000000148780000,0x0000000148780000,0x000000014d100000)
 ParOldGen       total 300544K, used 196104K [0x0000000114600000, 0x0000000126b80000, 0x000000013f100000)
  object space 300544K, 65% used [0x0000000114600000,0x0000000120582360,0x0000000126b80000)
 Metaspace       used 14346K, capacity 14538K, committed 14720K, reserved 1062912K
  class space    used 1507K, capacity 1593K, committed 1664K, reserved 1048576K
Event: 71.636 GC heap after
Heap after GC invocations=67 (full 4):
 PSYoungGen      total 155136K, used 544K [0x000000013f100000, 0x0000000151480000, 0x0000000154600000)
  eden space 154112K, 0% used [0x000000013f100000,0x000000013f100000,0x0000000148780000)
  from space 1024K, 53% used [0x0000000148780000,0x0000000148808000,0x0000000148880000)
  to   space 71168K, 0% used [0x000000014cf00000,0x000000014cf00000,0x0000000151480000)
 ParOldGen       total 300544K, used 196104K [0x0000000114600000, 0x0000000126b80000, 0x000000013f100000)
  object space 300544K, 65% used [0x0000000114600000,0x0000000120582360,0x0000000126b80000)
 Metaspace       used 14346K, capacity 14538K, committed 14720K, reserved 1062912K
  class space    used 1507K, capacity 1593K, committed 1664K, reserved 1048576K
}
Event: 71.860 GC heap before
{Heap before GC invocations=68 (full 4):
 PSYoungGen      total 155136K, used 154656K [0x000000013f100000, 0x0000000151480000, 0x0000000154600000)
  eden space 154112K, 100% used [0x000000013f100000,0x0000000148780000,0x0000000148780000)
  from space 1024K, 53% used [0x0000000148780000,0x0000000148808000,0x0000000148880000)
  to   space 71168K, 0% used [0x000000014cf00000,0x000000014cf00000,0x0000000151480000)
 ParOldGen       total 300544K, used 196104K [0x0000000114600000, 0x0000000126b80000, 0x000000013f100000)
  object space 300544K, 65% used [0x0000000114600000,0x0000000120582360,0x0000000126b80000)
 Metaspace       used 14346K, capacity 14538K, committed 14720K, reserved 1062912K
  class space    used 1507K, capacity 1593K, committed 1664K, reserved 1048576K
Event: 71.863 GC heap after
Heap after GC invocations=68 (full 4):
 PSYoungGen      total 219136K, used 576K [0x000000013f100000, 0x0000000150c80000, 0x0000000154600000)
  eden space 156160K, 0% used [0x000000013f100000,0x000000013f100000,0x0000000148980000)
  from space 62976K, 0% used [0x000000014cf00000,0x000000014cf90000,0x0000000150c80000)
  to   space 67072K, 0% used [0x0000000148980000,0x0000000148980000,0x000000014cb00000)
 ParOldGen       total 300544K, used 196104K [0x0000000114600000, 0x0000000126b80000, 0x000000013f100000)
  object space 300544K, 65% used [0x0000000114600000,0x0000000120582360,0x0000000126b80000)
 Metaspace       used 14346K, capacity 14538K, committed 14720K, reserved 1062912K
  class space    used 1507K, capacity 1593K, committed 1664K, reserved 1048576K
}

