# JRE version: Java(TM) SE Runtime Environment (8.0_45-b14) (build 1.8.0_45-b14)
# Java VM: Java HotSpot(TM) 64-Bit Server VM (25.45-b02 mixed mode bsd-amd64 compressed oops)
Heap:
 PSYoungGen      total 279040K, used 61435K [0x00000007aab00000, 0x00000007bbc00000, 0x00000007c0000000)
  eden space 278528K, 21% used [0x00000007aab00000,0x00000007ae6d6e90,0x00000007bbb00000)
  from space 512K, 31% used [0x00000007bbb80000,0x00000007bbba8000,0x00000007bbc00000)
  to   space 512K, 0% used [0x00000007bbb00000,0x00000007bbb00000,0x00000007bbb80000)
 ParOldGen       total 539136K, used 392885K [0x0000000780000000, 0x00000007a0e80000, 0x00000007aab00000)
  object space 539136K, 72% used [0x0000000780000000,0x0000000797fad488,0x00000007a0e80000)
 Metaspace       used 14423K, capacity 14640K, committed 15232K, reserved 1062912K
  class space    used 1492K, capacity 1558K, committed 1664K, reserved 1048576K
GC Heap History (10 events):
Event: 858.612 GC heap before
{Heap before GC invocations=284 (full 6):
 PSYoungGen      total 272896K, used 272544K [0x00000007aab00000, 0x00000007bb800000, 0x00000007c0000000)
  eden space 272384K, 100% used [0x00000007aab00000,0x00000007bb500000,0x00000007bb500000)
  from space 512K, 31% used [0x00000007bb500000,0x00000007bb528000,0x00000007bb580000)
  to   space 512K, 0% used [0x00000007bb780000,0x00000007bb780000,0x00000007bb800000)
 ParOldGen       total 539136K, used 392725K [0x0000000780000000, 0x00000007a0e80000, 0x00000007aab00000)
  object space 539136K, 72% used [0x0000000780000000,0x0000000797f85488,0x00000007a0e80000)
 Metaspace       used 14378K, capacity 14512K, committed 14976K, reserved 1062912K
  class space    used 1488K, capacity 1558K, committed 1664K, reserved 1048576K
Event: 858.614 GC heap after
Heap after GC invocations=284 (full 6):
 PSYoungGen      total 274944K, used 160K [0x00000007aab00000, 0x00000007bb800000, 0x00000007c0000000)
  eden space 274432K, 0% used [0x00000007aab00000,0x00000007aab00000,0x00000007bb700000)
  from space 512K, 31% used [0x00000007bb780000,0x00000007bb7a8000,0x00000007bb800000)
  to   space 512K, 0% used [0x00000007bb700000,0x00000007bb700000,0x00000007bb780000)
 ParOldGen       total 539136K, used 392757K [0x0000000780000000, 0x00000007a0e80000, 0x00000007aab00000)
  object space 539136K, 72% used [0x0000000780000000,0x0000000797f8d488,0x00000007a0e80000)
 Metaspace       used 14378K, capacity 14512K, committed 14976K, reserved 1062912K
  class space    used 1488K, capacity 1558K, committed 1664K, reserved 1048576K
}
Event: 858.850 GC heap before
{Heap before GC invocations=285 (full 6):
 PSYoungGen      total 274944K, used 274592K [0x00000007aab00000, 0x00000007bb800000, 0x00000007c0000000)
  eden space 274432K, 100% used [0x00000007aab00000,0x00000007bb700000,0x00000007bb700000)
  from space 512K, 31% used [0x00000007bb780000,0x00000007bb7a8000,0x00000007bb800000)
  to   space 512K, 0% used [0x00000007bb700000,0x00000007bb700000,0x00000007bb780000)
 ParOldGen       total 539136K, used 392757K [0x0000000780000000, 0x00000007a0e80000, 0x00000007aab00000)
  object space 539136K, 72% used [0x0000000780000000,0x0000000797f8d488,0x00000007a0e80000)
 Metaspace       used 14378K, capacity 14512K, committed 14976K, reserved 1062912K
  class space    used 1488K, capacity 1558K, committed 1664K, reserved 1048576K
Event: 858.851 GC heap after
Heap after GC invocations=285 (full 6):
 PSYoungGen      total 274944K, used 192K [0x00000007aab00000, 0x00000007bba00000, 0x00000007c0000000)
  eden space 274432K, 0% used [0x00000007aab00000,0x00000007aab00000,0x00000007bb700000)
  from space 512K, 37% used [0x00000007bb700000,0x00000007bb730000,0x00000007bb780000)
  to   space 512K, 0% used [0x00000007bb980000,0x00000007bb980000,0x00000007bba00000)
 ParOldGen       total 539136K, used 392789K [0x0000000780000000, 0x00000007a0e80000, 0x00000007aab00000)
  object space 539136K, 72% used [0x0000000780000000,0x0000000797f95488,0x00000007a0e80000)
 Metaspace       used 14378K, capacity 14512K, committed 14976K, reserved 1062912K
  class space    used 1488K, capacity 1558K, committed 1664K, reserved 1048576K
}
Event: 859.074 GC heap before
{Heap before GC invocations=286 (full 6):
 PSYoungGen      total 274944K, used 274624K [0x00000007aab00000, 0x00000007bba00000, 0x00000007c0000000)
  eden space 274432K, 100% used [0x00000007aab00000,0x00000007bb700000,0x00000007bb700000)
  from space 512K, 37% used [0x00000007bb700000,0x00000007bb730000,0x00000007bb780000)
  to   space 512K, 0% used [0x00000007bb980000,0x00000007bb980000,0x00000007bba00000)
 ParOldGen       total 539136K, used 392789K [0x0000000780000000, 0x00000007a0e80000, 0x00000007aab00000)
  object space 539136K, 72% used [0x0000000780000000,0x0000000797f95488,0x00000007a0e80000)
 Metaspace       used 14378K, capacity 14512K, committed 14976K, reserved 1062912K
  class space    used 1488K, capacity 1558K, committed 1664K, reserved 1048576K
Event: 859.075 GC heap after
Heap after GC invocations=286 (full 6):
 PSYoungGen      total 276992K, used 192K [0x00000007aab00000, 0x00000007bba00000, 0x00000007c0000000)
  eden space 276480K, 0% used [0x00000007aab00000,0x00000007aab00000,0x00000007bb900000)
  from space 512K, 37% used [0x00000007bb980000,0x00000007bb9b0000,0x00000007bba00000)
  to   space 512K, 0% used [0x00000007bb900000,0x00000007bb900000,0x00000007bb980000)
 ParOldGen       total 539136K, used 392821K [0x0000000780000000, 0x00000007a0e80000, 0x00000007aab00000)
  object space 539136K, 72% used [0x0000000780000000,0x0000000797f9d488,0x00000007a0e80000)
 Metaspace       used 14378K, capacity 14512K, committed 14976K, reserved 1062912K
  class space    used 1488K, capacity 1558K, committed 1664K, reserved 1048576K
}
Event: 859.313 GC heap before
{Heap before GC invocations=287 (full 6):
 PSYoungGen      total 276992K, used 276672K [0x00000007aab00000, 0x00000007bba00000, 0x00000007c0000000)
  eden space 276480K, 100% used [0x00000007aab00000,0x00000007bb900000,0x00000007bb900000)
  from space 512K, 37% used [0x00000007bb980000,0x00000007bb9b0000,0x00000007bba00000)
  to   space 512K, 0% used [0x00000007bb900000,0x00000007bb900000,0x00000007bb980000)
 ParOldGen       total 539136K, used 392821K [0x0000000780000000, 0x00000007a0e80000, 0x00000007aab00000)
  object space 539136K, 72% used [0x0000000780000000,0x0000000797f9d488,0x00000007a0e80000)
 Metaspace       used 14378K, capacity 14512K, committed 14976K, reserved 1062912K
  class space    used 1488K, capacity 1558K, committed 1664K, reserved 1048576K
Event: 859.315 GC heap after
Heap after GC invocations=287 (full 6):
 PSYoungGen      total 276992K, used 192K [0x00000007aab00000, 0x00000007bbc00000, 0x00000007c0000000)
  eden space 276480K, 0% used [0x00000007aab00000,0x00000007aab00000,0x00000007bb900000)
  from space 512K, 37% used [0x00000007bb900000,0x00000007bb930000,0x00000007bb980000)
  to   space 512K, 0% used [0x00000007bbb80000,0x00000007bbb80000,0x00000007bbc00000)
 ParOldGen       total 539136K, used 392853K [0x0000000780000000, 0x00000007a0e80000, 0x00000007aab00000)
  object space 539136K, 72% used [0x0000000780000000,0x0000000797fa5488,0x00000007a0e80000)
 Metaspace       used 14378K, capacity 14512K, committed 14976K, reserved 1062912K
  class space    used 1488K, capacity 1558K, committed 1664K, reserved 1048576K
}
Event: 859.553 GC heap before
{Heap before GC invocations=288 (full 6):
 PSYoungGen      total 276992K, used 276672K [0x00000007aab00000, 0x00000007bbc00000, 0x00000007c0000000)
  eden space 276480K, 100% used [0x00000007aab00000,0x00000007bb900000,0x00000007bb900000)
  from space 512K, 37% used [0x00000007bb900000,0x00000007bb930000,0x00000007bb980000)
  to   space 512K, 0% used [0x00000007bbb80000,0x00000007bbb80000,0x00000007bbc00000)
 ParOldGen       total 539136K, used 392853K [0x0000000780000000, 0x00000007a0e80000, 0x00000007aab00000)
  object space 539136K, 72% used [0x0000000780000000,0x0000000797fa5488,0x00000007a0e80000)
 Metaspace       used 14378K, capacity 14512K, committed 14976K, reserved 1062912K
  class space    used 1488K, capacity 1558K, committed 1664K, reserved 1048576K
Event: 859.555 GC heap after
Heap after GC invocations=288 (full 6):
 PSYoungGen      total 279040K, used 160K [0x00000007aab00000, 0x00000007bbc00000, 0x00000007c0000000)
  eden space 278528K, 0% used [0x00000007aab00000,0x00000007aab00000,0x00000007bbb00000)
  from space 512K, 31% used [0x00000007bbb80000,0x00000007bbba8000,0x00000007bbc00000)
  to   space 512K, 0% used [0x00000007bbb00000,0x00000007bbb00000,0x00000007bbb80000)
 ParOldGen       total 539136K, used 392885K [0x0000000780000000, 0x00000007a0e80000, 0x00000007aab00000)
  object space 539136K, 72% used [0x0000000780000000,0x0000000797fad488,0x00000007a0e80000)
 Metaspace       used 14378K, capacity 14512K, committed 14976K, reserved 1062912K
  class space    used 1488K, capacity 1558K, committed 1664K, reserved 1048576K
}

