# JRE version: Java(TM) SE Runtime Environment (8.0_45-b14) (build 1.8.0_45-b14)
# Java VM: Java HotSpot(TM) 64-Bit Server VM (25.45-b02 mixed mode bsd-amd64 compressed oops)
Heap:
 PSYoungGen      total 181248K, used 7474K [0x00000007aab00000, 0x00000007b6600000, 0x00000007c0000000)
  eden space 173056K, 3% used [0x00000007aab00000,0x00000007ab1bc8c0,0x00000007b5400000)
  from space 8192K, 7% used [0x00000007b5e00000,0x00000007b5e90000,0x00000007b6600000)
  to   space 9216K, 0% used [0x00000007b5400000,0x00000007b5400000,0x00000007b5d00000)
 ParOldGen       total 280064K, used 196330K [0x0000000780000000, 0x0000000791180000, 0x00000007aab00000)
  object space 280064K, 70% used [0x0000000780000000,0x000000078bfba898,0x0000000791180000)
 Metaspace       used 14522K, capacity 14750K, committed 14976K, reserved 1062912K
  class space    used 1511K, capacity 1593K, committed 1664K, reserved 1048576K
GC Heap History (10 events):
Event: 79.585 GC heap before
{Heap before GC invocations=90 (full 4):
 PSYoungGen      total 181248K, used 168384K [0x00000007aab00000, 0x00000007b6880000, 0x00000007c0000000)
  eden space 167936K, 100% used [0x00000007aab00000,0x00000007b4f00000,0x00000007b4f00000)
  from space 13312K, 3% used [0x00000007b4f00000,0x00000007b4f70000,0x00000007b5c00000)
  to   space 12288K, 0% used [0x00000007b5c80000,0x00000007b5c80000,0x00000007b6880000)
 ParOldGen       total 280064K, used 196178K [0x0000000780000000, 0x0000000791180000, 0x00000007aab00000)
  object space 280064K, 70% used [0x0000000780000000,0x000000078bf94898,0x0000000791180000)
 Metaspace       used 14478K, capacity 14686K, committed 14976K, reserved 1062912K
  class space    used 1507K, capacity 1593K, committed 1664K, reserved 1048576K
Event: 79.588 GC heap after
Heap after GC invocations=90 (full 4):
 PSYoungGen      total 180736K, used 448K [0x00000007aab00000, 0x00000007b6780000, 0x00000007c0000000)
  eden space 169472K, 0% used [0x00000007aab00000,0x00000007aab00000,0x00000007b5080000)
  from space 11264K, 3% used [0x00000007b5c80000,0x00000007b5cf0000,0x00000007b6780000)
  to   space 11776K, 0% used [0x00000007b5080000,0x00000007b5080000,0x00000007b5c00000)
 ParOldGen       total 280064K, used 196210K [0x0000000780000000, 0x0000000791180000, 0x00000007aab00000)
  object space 280064K, 70% used [0x0000000780000000,0x000000078bf9c898,0x0000000791180000)
 Metaspace       used 14478K, capacity 14686K, committed 14976K, reserved 1062912K
  class space    used 1507K, capacity 1593K, committed 1664K, reserved 1048576K
}
Event: 79.768 GC heap before
{Heap before GC invocations=91 (full 4):
 PSYoungGen      total 180736K, used 169920K [0x00000007aab00000, 0x00000007b6780000, 0x00000007c0000000)
  eden space 169472K, 100% used [0x00000007aab00000,0x00000007b5080000,0x00000007b5080000)
  from space 11264K, 3% used [0x00000007b5c80000,0x00000007b5cf0000,0x00000007b6780000)
  to   space 11776K, 0% used [0x00000007b5080000,0x00000007b5080000,0x00000007b5c00000)
 ParOldGen       total 280064K, used 196210K [0x0000000780000000, 0x0000000791180000, 0x00000007aab00000)
  object space 280064K, 70% used [0x0000000780000000,0x000000078bf9c898,0x0000000791180000)
 Metaspace       used 14478K, capacity 14686K, committed 14976K, reserved 1062912K
  class space    used 1507K, capacity 1593K, committed 1664K, reserved 1048576K
Event: 79.771 GC heap after
Heap after GC invocations=91 (full 4):
 PSYoungGen      total 181248K, used 480K [0x00000007aab00000, 0x00000007b6800000, 0x00000007c0000000)
  eden space 169472K, 0% used [0x00000007aab00000,0x00000007aab00000,0x00000007b5080000)
  from space 11776K, 4% used [0x00000007b5080000,0x00000007b50f8000,0x00000007b5c00000)
  to   space 11264K, 0% used [0x00000007b5d00000,0x00000007b5d00000,0x00000007b6800000)
 ParOldGen       total 280064K, used 196242K [0x0000000780000000, 0x0000000791180000, 0x00000007aab00000)
  object space 280064K, 70% used [0x0000000780000000,0x000000078bfa4898,0x0000000791180000)
 Metaspace       used 14478K, capacity 14686K, committed 14976K, reserved 1062912K
  class space    used 1507K, capacity 1593K, committed 1664K, reserved 1048576K
}
Event: 79.956 GC heap before
{Heap before GC invocations=92 (full 4):
 PSYoungGen      total 181248K, used 169952K [0x00000007aab00000, 0x00000007b6800000, 0x00000007c0000000)
  eden space 169472K, 100% used [0x00000007aab00000,0x00000007b5080000,0x00000007b5080000)
  from space 11776K, 4% used [0x00000007b5080000,0x00000007b50f8000,0x00000007b5c00000)
  to   space 11264K, 0% used [0x00000007b5d00000,0x00000007b5d00000,0x00000007b6800000)
 ParOldGen       total 280064K, used 196242K [0x0000000780000000, 0x0000000791180000, 0x00000007aab00000)
  object space 280064K, 70% used [0x0000000780000000,0x000000078bfa4898,0x0000000791180000)
 Metaspace       used 14478K, capacity 14686K, committed 14976K, reserved 1062912K
  class space    used 1507K, capacity 1593K, committed 1664K, reserved 1048576K
Event: 79.959 GC heap after
Heap after GC invocations=92 (full 4):
 PSYoungGen      total 182272K, used 512K [0x00000007aab00000, 0x00000007b6780000, 0x00000007c0000000)
  eden space 171520K, 0% used [0x00000007aab00000,0x00000007aab00000,0x00000007b5280000)
  from space 10752K, 4% used [0x00000007b5d00000,0x00000007b5d80000,0x00000007b6780000)
  to   space 10752K, 0% used [0x00000007b5280000,0x00000007b5280000,0x00000007b5d00000)
 ParOldGen       total 280064K, used 196266K [0x0000000780000000, 0x0000000791180000, 0x00000007aab00000)
  object space 280064K, 70% used [0x0000000780000000,0x000000078bfaa898,0x0000000791180000)
 Metaspace       used 14478K, capacity 14686K, committed 14976K, reserved 1062912K
  class space    used 1507K, capacity 1593K, committed 1664K, reserved 1048576K
}
Event: 80.235 GC heap before
{Heap before GC invocations=93 (full 4):
 PSYoungGen      total 182272K, used 172032K [0x00000007aab00000, 0x00000007b6780000, 0x00000007c0000000)
  eden space 171520K, 100% used [0x00000007aab00000,0x00000007b5280000,0x00000007b5280000)
  from space 10752K, 4% used [0x00000007b5d00000,0x00000007b5d80000,0x00000007b6780000)
  to   space 10752K, 0% used [0x00000007b5280000,0x00000007b5280000,0x00000007b5d00000)
 ParOldGen       total 280064K, used 196266K [0x0000000780000000, 0x0000000791180000, 0x00000007aab00000)
  object space 280064K, 70% used [0x0000000780000000,0x000000078bfaa898,0x0000000791180000)
 Metaspace       used 14478K, capacity 14686K, committed 14976K, reserved 1062912K
  class space    used 1507K, capacity 1593K, committed 1664K, reserved 1048576K
Event: 80.238 GC heap after
Heap after GC invocations=93 (full 4):
 PSYoungGen      total 182272K, used 576K [0x00000007aab00000, 0x00000007b6800000, 0x00000007c0000000)
  eden space 171520K, 0% used [0x00000007aab00000,0x00000007aab00000,0x00000007b5280000)
  from space 10752K, 5% used [0x00000007b5280000,0x00000007b5310000,0x00000007b5d00000)
  to   space 10240K, 0% used [0x00000007b5e00000,0x00000007b5e00000,0x00000007b6800000)
 ParOldGen       total 280064K, used 196298K [0x0000000780000000, 0x0000000791180000, 0x00000007aab00000)
  object space 280064K, 70% used [0x0000000780000000,0x000000078bfb2898,0x0000000791180000)
 Metaspace       used 14478K, capacity 14686K, committed 14976K, reserved 1062912K
  class space    used 1507K, capacity 1593K, committed 1664K, reserved 1048576K
}
Event: 96.406 GC heap before
{Heap before GC invocations=94 (full 4):
 PSYoungGen      total 182272K, used 172096K [0x00000007aab00000, 0x00000007b6800000, 0x00000007c0000000)
  eden space 171520K, 100% used [0x00000007aab00000,0x00000007b5280000,0x00000007b5280000)
  from space 10752K, 5% used [0x00000007b5280000,0x00000007b5310000,0x00000007b5d00000)
  to   space 10240K, 0% used [0x00000007b5e00000,0x00000007b5e00000,0x00000007b6800000)
 ParOldGen       total 280064K, used 196298K [0x0000000780000000, 0x0000000791180000, 0x00000007aab00000)
  object space 280064K, 70% used [0x0000000780000000,0x000000078bfb2898,0x0000000791180000)
 Metaspace       used 14522K, capacity 14750K, committed 14976K, reserved 1062912K
  class space    used 1511K, capacity 1593K, committed 1664K, reserved 1048576K
Event: 96.411 GC heap after
Heap after GC invocations=94 (full 4):
 PSYoungGen      total 181248K, used 576K [0x00000007aab00000, 0x00000007b6600000, 0x00000007c0000000)
  eden space 173056K, 0% used [0x00000007aab00000,0x00000007aab00000,0x00000007b5400000)
  from space 8192K, 7% used [0x00000007b5e00000,0x00000007b5e90000,0x00000007b6600000)
  to   space 9216K, 0% used [0x00000007b5400000,0x00000007b5400000,0x00000007b5d00000)
 ParOldGen       total 280064K, used 196330K [0x0000000780000000, 0x0000000791180000, 0x00000007aab00000)
  object space 280064K, 70% used [0x0000000780000000,0x000000078bfba898,0x0000000791180000)
 Metaspace       used 14522K, capacity 14750K, committed 14976K, reserved 1062912K
  class space    used 1511K, capacity 1593K, committed 1664K, reserved 1048576K
}

