# JRE version: Java(TM) SE Runtime Environment (8.0_45-b14) (build 1.8.0_45-b14)
# Java VM: Java HotSpot(TM) 64-Bit Server VM (25.45-b02 mixed mode bsd-amd64 compressed oops)
Heap:
 PSYoungGen      total 257024K, used 214012K [0x00000007aab00000, 0x00000007c0000000, 0x00000007c0000000)
  eden space 189440K, 87% used [0x00000007aab00000,0x00000007b4bf3360,0x00000007b6400000)
  from space 67584K, 72% used [0x00000007b6400000,0x00000007b940c010,0x00000007ba600000)
  to   space 73216K, 0% used [0x00000007bb880000,0x00000007bb880000,0x00000007c0000000)
 ParOldGen       total 193536K, used 166600K [0x0000000780000000, 0x000000078bd00000, 0x00000007aab00000)
  object space 193536K, 86% used [0x0000000780000000,0x000000078a2b2140,0x000000078bd00000)
 Metaspace       used 14589K, capacity 14814K, committed 15232K, reserved 1062912K
  class space    used 1508K, capacity 1593K, committed 1664K, reserved 1048576K
GC Heap History (10 events):
Event: 56.307 GC heap before
{Heap before GC invocations=46 (full 3):
 PSYoungGen      total 218112K, used 217280K [0x00000007aab00000, 0x00000007ba500000, 0x00000007c0000000)
  eden space 194048K, 100% used [0x00000007aab00000,0x00000007b6880000,0x00000007b6880000)
  from space 24064K, 96% used [0x00000007b8400000,0x00000007b9ab0000,0x00000007b9b80000)
  to   space 28160K, 0% used [0x00000007b6880000,0x00000007b6880000,0x00000007b8400000)
 ParOldGen       total 193536K, used 138017K [0x0000000780000000, 0x000000078bd00000, 0x00000007aab00000)
  object space 193536K, 71% used [0x0000000780000000,0x00000007886c8520,0x000000078bd00000)
 Metaspace       used 14446K, capacity 14686K, committed 14976K, reserved 1062912K
  class space    used 1507K, capacity 1593K, committed 1664K, reserved 1048576K
Event: 56.343 GC heap after
Heap after GC invocations=46 (full 3):
 PSYoungGen      total 222208K, used 28160K [0x00000007aab00000, 0x00000007bb580000, 0x00000007c0000000)
  eden space 194048K, 0% used [0x00000007aab00000,0x00000007aab00000,0x00000007b6880000)
  from space 28160K, 100% used [0x00000007b6880000,0x00000007b8400000,0x00000007b8400000)
  to   space 36864K, 0% used [0x00000007b9180000,0x00000007b9180000,0x00000007bb580000)
 ParOldGen       total 193536K, used 146585K [0x0000000780000000, 0x000000078bd00000, 0x00000007aab00000)
  object space 193536K, 75% used [0x0000000780000000,0x0000000788f26540,0x000000078bd00000)
 Metaspace       used 14446K, capacity 14686K, committed 14976K, reserved 1062912K
  class space    used 1507K, capacity 1593K, committed 1664K, reserved 1048576K
}
Event: 56.758 GC heap before
{Heap before GC invocations=47 (full 3):
 PSYoungGen      total 222208K, used 222207K [0x00000007aab00000, 0x00000007bb580000, 0x00000007c0000000)
  eden space 194048K, 99% used [0x00000007aab00000,0x00000007b687fff8,0x00000007b6880000)
  from space 28160K, 100% used [0x00000007b6880000,0x00000007b8400000,0x00000007b8400000)
  to   space 36864K, 0% used [0x00000007b9180000,0x00000007b9180000,0x00000007bb580000)
 ParOldGen       total 193536K, used 146585K [0x0000000780000000, 0x000000078bd00000, 0x00000007aab00000)
  object space 193536K, 75% used [0x0000000780000000,0x0000000788f26540,0x000000078bd00000)
 Metaspace       used 14446K, capacity 14686K, committed 14976K, reserved 1062912K
  class space    used 1507K, capacity 1593K, committed 1664K, reserved 1048576K
Event: 56.801 GC heap after
Heap after GC invocations=47 (full 3):
 PSYoungGen      total 223744K, used 36848K [0x00000007aab00000, 0x00000007bcf80000, 0x00000007c0000000)
  eden space 186880K, 0% used [0x00000007aab00000,0x00000007aab00000,0x00000007b6180000)
  from space 36864K, 99% used [0x00000007b9180000,0x00000007bb57c010,0x00000007bb580000)
  to   space 49152K, 0% used [0x00000007b6180000,0x00000007b6180000,0x00000007b9180000)
 ParOldGen       total 193536K, used 160200K [0x0000000780000000, 0x000000078bd00000, 0x00000007aab00000)
  object space 193536K, 82% used [0x0000000780000000,0x0000000789c723c8,0x000000078bd00000)
 Metaspace       used 14446K, capacity 14686K, committed 14976K, reserved 1062912K
  class space    used 1507K, capacity 1593K, committed 1664K, reserved 1048576K
}
Event: 57.137 GC heap before
{Heap before GC invocations=48 (full 3):
 PSYoungGen      total 223744K, used 223728K [0x00000007aab00000, 0x00000007bcf80000, 0x00000007c0000000)
  eden space 186880K, 100% used [0x00000007aab00000,0x00000007b6180000,0x00000007b6180000)
  from space 36864K, 99% used [0x00000007b9180000,0x00000007bb57c010,0x00000007bb580000)
  to   space 49152K, 0% used [0x00000007b6180000,0x00000007b6180000,0x00000007b9180000)
 ParOldGen       total 193536K, used 160200K [0x0000000780000000, 0x000000078bd00000, 0x00000007aab00000)
  object space 193536K, 82% used [0x0000000780000000,0x0000000789c723c8,0x000000078bd00000)
 Metaspace       used 14450K, capacity 14686K, committed 14976K, reserved 1062912K
  class space    used 1507K, capacity 1593K, committed 1664K, reserved 1048576K
Event: 57.184 GC heap after
Heap after GC invocations=48 (full 3):
 PSYoungGen      total 236032K, used 49152K [0x00000007aab00000, 0x00000007be180000, 0x00000007c0000000)
  eden space 186880K, 0% used [0x00000007aab00000,0x00000007aab00000,0x00000007b6180000)
  from space 49152K, 100% used [0x00000007b6180000,0x00000007b9180000,0x00000007b9180000)
  to   space 60928K, 0% used [0x00000007ba600000,0x00000007ba600000,0x00000007be180000)
 ParOldGen       total 193536K, used 166600K [0x0000000780000000, 0x000000078bd00000, 0x00000007aab00000)
  object space 193536K, 86% used [0x0000000780000000,0x000000078a2b2140,0x000000078bd00000)
 Metaspace       used 14450K, capacity 14686K, committed 14976K, reserved 1062912K
  class space    used 1507K, capacity 1593K, committed 1664K, reserved 1048576K
}
Event: 57.368 GC heap before
{Heap before GC invocations=49 (full 3):
 PSYoungGen      total 236032K, used 236032K [0x00000007aab00000, 0x00000007be180000, 0x00000007c0000000)
  eden space 186880K, 100% used [0x00000007aab00000,0x00000007b6180000,0x00000007b6180000)
  from space 49152K, 100% used [0x00000007b6180000,0x00000007b9180000,0x00000007b9180000)
  to   space 60928K, 0% used [0x00000007ba600000,0x00000007ba600000,0x00000007be180000)
 ParOldGen       total 193536K, used 166600K [0x0000000780000000, 0x000000078bd00000, 0x00000007aab00000)
  object space 193536K, 86% used [0x0000000780000000,0x000000078a2b2140,0x000000078bd00000)
 Metaspace       used 14450K, capacity 14686K, committed 14976K, reserved 1062912K
  class space    used 1507K, capacity 1593K, committed 1664K, reserved 1048576K
Event: 57.430 GC heap after
Heap after GC invocations=49 (full 3):
 PSYoungGen      total 250368K, used 49168K [0x00000007aab00000, 0x00000007bf280000, 0x00000007c0000000)
  eden space 189440K, 0% used [0x00000007aab00000,0x00000007aab00000,0x00000007b6400000)
  from space 60928K, 80% used [0x00000007ba600000,0x00000007bd604010,0x00000007be180000)
  to   space 67584K, 0% used [0x00000007b6400000,0x00000007b6400000,0x00000007ba600000)
 ParOldGen       total 193536K, used 166600K [0x0000000780000000, 0x000000078bd00000, 0x00000007aab00000)
  object space 193536K, 86% used [0x0000000780000000,0x000000078a2b2140,0x000000078bd00000)
 Metaspace       used 14450K, capacity 14686K, committed 14976K, reserved 1062912K
  class space    used 1507K, capacity 1593K, committed 1664K, reserved 1048576K
}
Event: 57.558 GC heap before
{Heap before GC invocations=50 (full 3):
 PSYoungGen      total 250368K, used 238608K [0x00000007aab00000, 0x00000007bf280000, 0x00000007c0000000)
  eden space 189440K, 99% used [0x00000007aab00000,0x00000007b63ffff8,0x00000007b6400000)
  from space 60928K, 80% used [0x00000007ba600000,0x00000007bd604010,0x00000007be180000)
  to   space 67584K, 0% used [0x00000007b6400000,0x00000007b6400000,0x00000007ba600000)
 ParOldGen       total 193536K, used 166600K [0x0000000780000000, 0x000000078bd00000, 0x00000007aab00000)
  object space 193536K, 86% used [0x0000000780000000,0x000000078a2b2140,0x000000078bd00000)
 Metaspace       used 14450K, capacity 14686K, committed 14976K, reserved 1062912K
  class space    used 1507K, capacity 1593K, committed 1664K, reserved 1048576K
Event: 57.585 GC heap after
Heap after GC invocations=50 (full 3):
 PSYoungGen      total 257024K, used 49200K [0x00000007aab00000, 0x00000007c0000000, 0x00000007c0000000)
  eden space 189440K, 0% used [0x00000007aab00000,0x00000007aab00000,0x00000007b6400000)
  from space 67584K, 72% used [0x00000007b6400000,0x00000007b940c010,0x00000007ba600000)
  to   space 73216K, 0% used [0x00000007bb880000,0x00000007bb880000,0x00000007c0000000)
 ParOldGen       total 193536K, used 166600K [0x0000000780000000, 0x000000078bd00000, 0x00000007aab00000)
  object space 193536K, 86% used [0x0000000780000000,0x000000078a2b2140,0x000000078bd00000)
 Metaspace       used 14450K, capacity 14686K, committed 14976K, reserved 1062912K
  class space    used 1507K, capacity 1593K, committed 1664K, reserved 1048576K
}

