# JRE version: Java(TM) SE Runtime Environment (8.0_45-b14) (build 1.8.0_45-b14)
# Java VM: Java HotSpot(TM) 64-Bit Server VM (25.45-b02 mixed mode bsd-amd64 compressed oops)
Heap:
 PSYoungGen      total 232448K, used 86018K [0x00000007aab00000, 0x00000007bea80000, 0x00000007c0000000)
  eden space 143360K, 60% used [0x00000007aab00000,0x00000007aff00818,0x00000007b3700000)
  from space 89088K, 0% used [0x00000007b3700000,0x00000007b3700000,0x00000007b8e00000)
  to   space 91136K, 0% used [0x00000007b9180000,0x00000007b9180000,0x00000007bea80000)
 ParOldGen       total 311296K, used 207249K [0x0000000780000000, 0x0000000793000000, 0x00000007aab00000)
  object space 311296K, 66% used [0x0000000780000000,0x000000078ca647d0,0x0000000793000000)
 Metaspace       used 14392K, capacity 14576K, committed 14976K, reserved 1062912K
  class space    used 1492K, capacity 1558K, committed 1664K, reserved 1048576K
GC Heap History (10 events):
Event: 724.238 GC heap before
{Heap before GC invocations=67 (full 3):
 PSYoungGen      total 241152K, used 189376K [0x00000007aab00000, 0x00000007bf680000, 0x00000007c0000000)
  eden space 139264K, 100% used [0x00000007aab00000,0x00000007b3300000,0x00000007b3300000)
  from space 101888K, 49% used [0x00000007b3300000,0x00000007b63f0000,0x00000007b9680000)
  to   space 98304K, 0% used [0x00000007b9680000,0x00000007b9680000,0x00000007bf680000)
 ParOldGen       total 210944K, used 163295K [0x0000000780000000, 0x000000078ce00000, 0x00000007aab00000)
  object space 210944K, 77% used [0x0000000780000000,0x0000000789f77f70,0x000000078ce00000)
 Metaspace       used 14445K, capacity 14686K, committed 14976K, reserved 1062912K
  class space    used 1507K, capacity 1593K, committed 1664K, reserved 1048576K
Event: 724.327 GC heap after
Heap after GC invocations=67 (full 3):
 PSYoungGen      total 228864K, used 44752K [0x00000007aab00000, 0x00000007beb80000, 0x00000007c0000000)
  eden space 141824K, 0% used [0x00000007aab00000,0x00000007aab00000,0x00000007b3580000)
  from space 87040K, 51% used [0x00000007b9680000,0x00000007bc234010,0x00000007beb80000)
  to   space 93184K, 0% used [0x00000007b3580000,0x00000007b3580000,0x00000007b9080000)
 ParOldGen       total 210944K, used 168025K [0x0000000780000000, 0x000000078ce00000, 0x00000007aab00000)
  object space 210944K, 79% used [0x0000000780000000,0x000000078a4167a0,0x000000078ce00000)
 Metaspace       used 14445K, capacity 14686K, committed 14976K, reserved 1062912K
  class space    used 1507K, capacity 1593K, committed 1664K, reserved 1048576K
}
Event: 795.362 GC heap before
{Heap before GC invocations=68 (full 3):
 PSYoungGen      total 228864K, used 186576K [0x00000007aab00000, 0x00000007beb80000, 0x00000007c0000000)
  eden space 141824K, 100% used [0x00000007aab00000,0x00000007b3580000,0x00000007b3580000)
  from space 87040K, 51% used [0x00000007b9680000,0x00000007bc234010,0x00000007beb80000)
  to   space 93184K, 0% used [0x00000007b3580000,0x00000007b3580000,0x00000007b9080000)
 ParOldGen       total 210944K, used 168025K [0x0000000780000000, 0x000000078ce00000, 0x00000007aab00000)
  object space 210944K, 79% used [0x0000000780000000,0x000000078a4167a0,0x000000078ce00000)
 Metaspace       used 14445K, capacity 14686K, committed 14976K, reserved 1062912K
  class space    used 1507K, capacity 1593K, committed 1664K, reserved 1048576K
Event: 795.394 GC heap after
Heap after GC invocations=68 (full 3):
 PSYoungGen      total 178176K, used 36240K [0x00000007aab00000, 0x00000007be780000, 0x00000007c0000000)
  eden space 141824K, 0% used [0x00000007aab00000,0x00000007aab00000,0x00000007b3580000)
  from space 36352K, 99% used [0x00000007b3580000,0x00000007b58e4010,0x00000007b5900000)
  to   space 90112K, 0% used [0x00000007b8f80000,0x00000007b8f80000,0x00000007be780000)
 ParOldGen       total 210944K, used 175594K [0x0000000780000000, 0x000000078ce00000, 0x00000007aab00000)
  object space 210944K, 83% used [0x0000000780000000,0x000000078ab7a968,0x000000078ce00000)
 Metaspace       used 14445K, capacity 14686K, committed 14976K, reserved 1062912K
  class space    used 1507K, capacity 1593K, committed 1664K, reserved 1048576K
}
Event: 857.342 GC heap before
{Heap before GC invocations=69 (full 3):
 PSYoungGen      total 178176K, used 178064K [0x00000007aab00000, 0x00000007be780000, 0x00000007c0000000)
  eden space 141824K, 100% used [0x00000007aab00000,0x00000007b3580000,0x00000007b3580000)
  from space 36352K, 99% used [0x00000007b3580000,0x00000007b58e4010,0x00000007b5900000)
  to   space 90112K, 0% used [0x00000007b8f80000,0x00000007b8f80000,0x00000007be780000)
 ParOldGen       total 210944K, used 175594K [0x0000000780000000, 0x000000078ce00000, 0x00000007aab00000)
  object space 210944K, 83% used [0x0000000780000000,0x000000078ab7a968,0x000000078ce00000)
 Metaspace       used 14445K, capacity 14686K, committed 14976K, reserved 1062912K
  class space    used 1507K, capacity 1593K, committed 1664K, reserved 1048576K
Event: 857.450 GC heap after
Heap after GC invocations=69 (full 3):
 PSYoungGen      total 230912K, used 22848K [0x00000007aab00000, 0x00000007be500000, 0x00000007c0000000)
  eden space 143360K, 0% used [0x00000007aab00000,0x00000007aab00000,0x00000007b3700000)
  from space 87552K, 26% used [0x00000007b8f80000,0x00000007ba5d0000,0x00000007be500000)
  to   space 89088K, 0% used [0x00000007b3700000,0x00000007b3700000,0x00000007b8e00000)
 ParOldGen       total 210944K, used 187542K [0x0000000780000000, 0x000000078ce00000, 0x00000007aab00000)
  object space 210944K, 88% used [0x0000000780000000,0x000000078b725958,0x000000078ce00000)
 Metaspace       used 14445K, capacity 14686K, committed 14976K, reserved 1062912K
  class space    used 1507K, capacity 1593K, committed 1664K, reserved 1048576K
}
Event: 908.885 GC heap before
{Heap before GC invocations=70 (full 3):
 PSYoungGen      total 230912K, used 166208K [0x00000007aab00000, 0x00000007be500000, 0x00000007c0000000)
  eden space 143360K, 100% used [0x00000007aab00000,0x00000007b3700000,0x00000007b3700000)
  from space 87552K, 26% used [0x00000007b8f80000,0x00000007ba5d0000,0x00000007be500000)
  to   space 89088K, 0% used [0x00000007b3700000,0x00000007b3700000,0x00000007b8e00000)
 ParOldGen       total 210944K, used 187542K [0x0000000780000000, 0x000000078ce00000, 0x00000007aab00000)
  object space 210944K, 88% used [0x0000000780000000,0x000000078b725958,0x000000078ce00000)
 Metaspace       used 14445K, capacity 14686K, committed 14976K, reserved 1062912K
  class space    used 1507K, capacity 1593K, committed 1664K, reserved 1048576K
Event: 908.905 GC heap after
Heap after GC invocations=70 (full 3):
 PSYoungGen      total 232448K, used 4208K [0x00000007aab00000, 0x00000007bea80000, 0x00000007c0000000)
  eden space 143360K, 0% used [0x00000007aab00000,0x00000007aab00000,0x00000007b3700000)
  from space 89088K, 4% used [0x00000007b3700000,0x00000007b3b1c010,0x00000007b8e00000)
  to   space 91136K, 0% used [0x00000007b9180000,0x00000007b9180000,0x00000007bea80000)
 ParOldGen       total 210944K, used 204166K [0x0000000780000000, 0x000000078ce00000, 0x00000007aab00000)
  object space 210944K, 96% used [0x0000000780000000,0x000000078c761828,0x000000078ce00000)
 Metaspace       used 14445K, capacity 14686K, committed 14976K, reserved 1062912K
  class space    used 1507K, capacity 1593K, committed 1664K, reserved 1048576K
}
Event: 908.905 GC heap before
{Heap before GC invocations=71 (full 4):
 PSYoungGen      total 232448K, used 4208K [0x00000007aab00000, 0x00000007bea80000, 0x00000007c0000000)
  eden space 143360K, 0% used [0x00000007aab00000,0x00000007aab00000,0x00000007b3700000)
  from space 89088K, 4% used [0x00000007b3700000,0x00000007b3b1c010,0x00000007b8e00000)
  to   space 91136K, 0% used [0x00000007b9180000,0x00000007b9180000,0x00000007bea80000)
 ParOldGen       total 210944K, used 204166K [0x0000000780000000, 0x000000078ce00000, 0x00000007aab00000)
  object space 210944K, 96% used [0x0000000780000000,0x000000078c761828,0x000000078ce00000)
 Metaspace       used 14445K, capacity 14686K, committed 14976K, reserved 1062912K
  class space    used 1507K, capacity 1593K, committed 1664K, reserved 1048576K
Event: 910.145 GC heap after
Heap after GC invocations=71 (full 4):
 PSYoungGen      total 232448K, used 0K [0x00000007aab00000, 0x00000007bea80000, 0x00000007c0000000)
  eden space 143360K, 0% used [0x00000007aab00000,0x00000007aab00000,0x00000007b3700000)
  from space 89088K, 0% used [0x00000007b3700000,0x00000007b3700000,0x00000007b8e00000)
  to   space 91136K, 0% used [0x00000007b9180000,0x00000007b9180000,0x00000007bea80000)
 ParOldGen       total 311296K, used 207249K [0x0000000780000000, 0x0000000793000000, 0x00000007aab00000)
  object space 311296K, 66% used [0x0000000780000000,0x000000078ca647d0,0x0000000793000000)
 Metaspace       used 14335K, capacity 14512K, committed 14976K, reserved 1062912K
  class space    used 1488K, capacity 1558K, committed 1664K, reserved 1048576K
}

